1670367508972	geckodriver	INFO	Listening on 127.0.0.1:59051
1670367527124	geckodriver	INFO	Listening on 127.0.0.1:59062
1670367555201	geckodriver	INFO	Listening on 127.0.0.1:59089
1670367598655	geckodriver	INFO	Listening on 127.0.0.1:59164
1670367641098	geckodriver	INFO	Listening on 127.0.0.1:59191
1670368121727	geckodriver	INFO	Listening on 127.0.0.1:59368
1670369170511	geckodriver	INFO	Listening on 127.0.0.1:64501
1670369224631	geckodriver	INFO	Listening on 127.0.0.1:64648
1670369334595	geckodriver	INFO	Listening on 127.0.0.1:65132
1670369346519	geckodriver	INFO	Listening on 127.0.0.1:65146
1670369359023	geckodriver	INFO	Listening on 127.0.0.1:65151
1670369393258	geckodriver	INFO	Listening on 127.0.0.1:65354
1670369410776	geckodriver	INFO	Listening on 127.0.0.1:65364
1670369619634	geckodriver	INFO	Listening on 127.0.0.1:49783
1670369629603	geckodriver	INFO	Listening on 127.0.0.1:49792
1670369632641	mozrunner::runner	INFO	Running command: "C:\\Program Files\\Mozilla Firefox\\firefox.exe" "--marionette" "-no-remote" "-profile" "C:\\Users\\lxf12\\AppData\\Local\\Temp\\rust_mozprofileaid6LR"
1670369633120	Marionette	INFO	Marionette enabled
1670369633129	Marionette	INFO	Listening on port 49808
Read port: 49808
1670369633543	RemoteAgent	WARN	TLS certificate errors will be ignored for this session
console.warn: SearchSettings: "get: No settings file exists, new profile?" (new NotFoundError("Could not open the file at C:\\Users\\lxf12\\AppData\\Local\\Temp\\rust_mozprofileaid6LR\\search.json.mozlz4", (void 0)))
1670369638468	Marionette	WARN	Ignoring event 'DOMContentLoaded' because document has an invalid readyState of 'complete'.
JavaScript warning: https://www.lowes.com/6fenIDSGSz2tXQrzA95_/rOE3zLrpa7/CQYoAg/PG13JTcp/LH4B, line 1: unreachable code after return statement
JavaScript warning: https://www.lowes.com/6fenIDSGSz2tXQrzA95_/rOE3zLrpa7/CQYoAg/PG13JTcp/LH4B, line 1: WEBGL_debug_renderer_info is deprecated in Firefox and will be removed. Please use RENDERER.
JavaScript warning: https://www.lowes.com/6fenIDSGSz2tXQrzA95_/rOE3zLrpa7/CQYoAg/PG13JTcp/LH4B, line 1: WEBGL_debug_renderer_info is deprecated in Firefox and will be removed. Please use RENDERER.
JavaScript warning: https://pagead2.googlesyndication.com/bg/81_xgzAtA3K6BUSvxlviYRqiKRYqPH3jXMkg3rbk2fc.js line 2 > eval line 5792 > eval line 1 > eval line 1 > eval, line 1: WEBGL_debug_renderer_info is deprecated in Firefox and will be removed. Please use RENDERER.
1670369658718	Marionette	INFO	Stopped listening on port 49808
JavaScript error: chrome://remote/content/marionette/cert.sys.mjs, line 51: NS_ERROR_NOT_AVAILABLE: Component returned failure code: 0x80040111 (NS_ERROR_NOT_AVAILABLE) [nsICertOverrideService.setDisableAllSecurityChecksAndLetAttackersInterceptMyData]
.
1670369657643	Marionette	INFO	Marionette enabled
1670369657651	Marionette	INFO	Listening on port 50109
Read port: 50109
1670369657789	RemoteAgent	WARN	TLS certificate errors will be ignored for this session
[GFX1-]: RenderCompositorSWGL failed mapping default framebuffer, no dt
console.warn: SearchSettings: "get: No settings file exists, new profile?" (new NotFoundError("Could not open the file at C:\\Users\\lxf12\\AppData\\Local\\Temp\\rust_mozprofile1Wk6ur\\search.json.mozlz4", (void 0)))
1670369660389	Marionette	WARN	Ignoring event 'DOMContentLoaded' because document has an invalid readyState of 'complete'.
JavaScript warning: https://www.lowes.com/6fenIDSGSz2tXQrzA95_/rOE3zLrpa7/CQYoAg/PG13JTcp/LH4B, line 1: unreachable code after return statement
JavaScript warning: https://www.lowes.com/6fenIDSGSz2tXQrzA95_/rOE3zLrpa7/CQYoAg/PG13JTcp/LH4B, line 1: WEBGL_debug_renderer_info is deprecated in Firefox and will be removed. Please use RENDERER.
JavaScript warning: https://www.lowes.com/6fenIDSGSz2tXQrzA95_/rOE3zLrpa7/CQYoAg/PG13JTcp/LH4B, line 1: WEBGL_debug_renderer_info is deprecated in Firefox and will be removed. Please use RENDERER.
JavaScript warning: https://pagead2.googlesyndication.com/bg1670369668395	mozrunner::runner	INFO	Running command: "C:\\Program Files\\Mozilla Firefox\\firefox.exe" "--marionette" "--headless" "-no-remote" "-profile" "C:\\Users\\lxf12\\AppData\\Local\\Temp\\rust_mozprofileBECBYp"
*** You are running in headless mode.
1670369668807	Marionette	INFO	Marionette enabled
1670369668814	Marionette	INFO	Listening on port 50282
Read port: 50282
1670369668913	RemoteAgent	WARN	TLS certificate errors will be ignored for this session
[GFX1-]: RenderCompositorSWGL failed mapping default framebuffer, no dt
console.warn: SearchSettings: "get: No settings file exists, new profile?" (new NotFoundError("Could not open the file at C:\\Users\\lxf12\\AppData\\Local\\Temp\\rust_mozprofileBECBYp\\search.json.mozlz4", (void 0)))
1670369670851	Marionette	WARN	Ignoring event 'DOMContentLoaded' because document has an invalid readyState of 'complete'.
JavaScript warning: https://www.lowes.com/6fenIDSGSz2tXQrzA95_/rOE3zLrpa7/CQYoAg/PG13JTcp/LH4B, line 1: unreachable code after return statement
JavaScript warning: https://www.lowes.com/6fenIDSGSz2tXQrzA95_/rOE3zLrpa7/CQYoAg/PG13JTcp/LH4B, line 1: WEBGL_debug_renderer_info is deprecated in Firefox and will be removed. Please use RENDERER.
JavaScript warning: https://www.lowes.com/6fenIDSGSz2tXQrzA95_/rOE3zLrpa7/CQYoAg/PG13JTcp/LH4B, line 1: WEBGL_debug_renderer_info is deprecated in Firefox and will be removed. Please use RENDERER.
JavaScript warning: https://pagead2.googlesyndication.com/bg/81_xgzAtA3K6BUSvxlviYRqiKRYqPH3jXMkg3rbk2fc.js line 2 > eval line 1449 > eval line 1 > eval line 1 > eval, line 1: WEBGL_debug_renderer_info is deprecated in Firefox and will be removed. Please use RENDERER.
1670369856502	geckodriver	INFO	Listening on 127.0.0.1:51150
1670369860576	geckodriver	INFO	Listening on 127.0.0.1:51190
1670369863651	mozrunner::runner	INFO	Running command: "C:\\Program Files\\Mozilla Firefox\\firefox.exe" "--marionette" "--headless" "-no-remote" "-profile" "C:\\Users\\lxf12\\AppData\\Local\\Temp\\rust_mozprofileOMcgK8"
*** You are running in headless mode.
1670369863980	Marionette	INFO	Marionette enabled
1670369863983	Marionette	INFO	Listening on port 51202
Read port: 51202
1670369864041	RemoteAgent	WARN	TLS certificate errors will be ignored for this session
[GFX1-]: RenderCompositorSWGL failed mapping default framebuffer, no dt
console.warn: SearchSettings: "get: No settings file exists, new profile?" (new NotFoundError("Could not open the file at C:\\Users\\lxf12\\AppData\\Local\\Temp\\rust_mozprofileOMcgK8\\search.json.mozlz4", (void 0)))
1670369865351	Marionette	WARN	Ignoring event 'DOMContentLoaded' because document has an invalid readyState of 'complete'.
JavaScript warning: https://www.lowes.com/6fenIDSGSz2tXQrzA95_/rOE3zLrpa7/CQYoAg/PG13JTcp/LH4B, line 1: unreachable code after return statement
JavaScript warning: https://www.lowes.com/6fenIDSGSz2tXQrzA95_/rOE3zLrpa7/CQYoAg/PG13JTcp/LH4B, line 1: WEBGL_debug_renderer_info is deprecated in Firefox and will be removed. Please use RENDERER.
JavaScript warning: https://www.lowes.com/6fenIDSGSz2tXQrzA95_/rOE3zLrpa7/CQYoAg/PG13JTcp/LH4B, line 1: WEBGL_debug_renderer_info is deprecated in Firefox and will be removed. Please use RENDERER.
1670369869532	Marionette	INFO	Stopped listening on port 51202
1670369882017	geckodriver	INFO	Listening on 127.0.0.1:51313
1670369885082	mozrunner::runner	INFO	Running command: "C:\\Program Files\\Mozilla Firefox\\firefox.exe" "--marionette" "--headless" "-no-remote" "-profile" "C:\\Users\\lxf12\\AppData\\Local\\Temp\\rust_mozprofileKgoz7n"
*** You are running in headless mode.
1670369885325	Marionette	INFO	Marionette enabled
1670369885329	Marionette	INFO	Listening on port 51325
Read port: 51325
1670369885564	RemoteAgent	WARN	TLS certificate errors will be ignored for this session
[GFX1-]: RenderCompositorSWGL failed mapping default framebuffer, no dt
console.warn: SearchSettings: "get: No settings file exists, new profile?" (new NotFoundError("Could not open the file at C:\\Users\\lxf12\\AppData\\Local\\Temp\\rust_mozprofileKgoz7n\\search.json.mozlz4", (void 0)))
1670369886736	Marionette	WARN	Ignoring event 'DOMContentLoaded' because document has an invalid readyState of 'complete'.
JavaScript warning: https://www.lowes.com/6fenIDSGSz2tXQrzA95_/rOE3zLrpa7/CQYoAg/PG13JTcp/LH4B, line 1: unreachable code after return statement
JavaScript warning: https://www.lowes.com/6fenIDSGSz2tXQrzA95_/rOE3zLrpa7/CQYoAg/PG13JTcp/LH4B, line 1: WEBGL_debug_renderer_info is deprecated in Firefox and will be removed. Please use RENDERER.
JavaScript warning: https://www.lowes.com/6fenIDSGSz2tXQrzA95_/rOE3zLrpa7/CQYoAg/PG13JTcp/LH4B, line 1: WEBGL_debug_renderer_info is deprecated in Firefox and will be removed. Please use RENDERER.
JavaScript warning: https://www.lowes.com/6fenIDSGSz2tXQrzA95_/rOE3zLrpa7/CQYoAg/PG13JTcp/LH4B, line 1: unreachable code after return statement
JavaScript warning: https://www.lowes.com/6fenIDSGSz2tXQrzA95_/rOE3zLrpa7/CQYoAg/PG13JTcp/LH4B, line 1: WEBGL_debug_renderer_info is deprecated in Firefox and will be removed. Please use RENDERER.
JavaScript warning: https://www.lowes.com/6fenIDSGSz2tXQrzA95_/rOE3zLrpa7/CQYoAg/PG13JTcp/LH4B, line 1: WEBGL_debug_renderer_info is deprecated in Firefox and will be removed. Please use RENDERER.
JavaScript warning: https://pagead2.googlesyndication.com/bg/81_xgzAtA3K6BUSvxlviYRqiKRYqPH3jXMkg3rbk2fc.js line 2 > eval line 3596 > eval line 1 > eval line 1 > eval, line 1: WEBGL_debug_renderer_info is deprecated in Firefox and will be removed. Please use RENDERER.
1670369962718	geckodriver	INFO	Listening on 127.0.0.1:51831
1670369965774	mozrunner::runner	INFO	Running command: "C:\\Program Files\\Mozilla Firefox\\firefox.exe" "--marionette" "-no-remote" "-profile" "C:\\Users\\lxf12\\AppData\\Local\\Temp\\rust_mozprofileFimnJG"
1670369966104	Marionette	INFO	Marionette enabled
1670369966108	Marionette	INFO	Listening on port 51847
Read port: 51847
1670369966342	RemoteAgent	WARN	TLS certificate errors will be ignored for this session
console.warn: SearchSettings: "get: No settings file exists, new profile?" (new NotFoundError("Could not open the file at C:\\Users\\lxf12\\AppData\\Local\\Temp\\rust_mozprofileFimnJG\\search.json.mozlz4", (void 0)))
1670370017530	Marionette	WARN	Ignoring event 'DOMContentLoaded' because document has an invalid readyState of 'complete'.
JavaScript warning: https://www.lowes.com/6fenIDSGSz2tXQrzA95_/rOE3zLrpa7/CQYoAg/PG13JTcp/LH4B, line 1: unreachable code after return statement
JavaScript warning: https://www.lowes.com/6fenIDSGSz2tXQrzA95_/rOE3zLrpa7/CQYoAg/PG13JTcp/LH4B, line 1: WEBGL_debug_renderer_info is deprecated in Firefox and will be removed. Please use RENDERER.
JavaScript warning: https://www.lowes.com/6fenIDSGSz2tXQrzA95_/rOE3zLrpa7/CQYoAg/PG13JTcp/LH4B, line 1: WEBGL_debug_renderer_info is deprecated in Firefox and will be removed. Please use RENDERER.
1670370026293	Marionette	INFO	Stopped listening on port 51847
[Parent 20976, IPC I/O Parent] WARNING: DuplicateHandle failed for handle 0 in TransferHandles: file /builds/worker/checkouts/gecko/ipc/chromium/src/chrome/common/ipc_channel_win.cc:746
JavaScript error: chrome://remote/content/marionette/cert.sys.mjs, line 51: NS_ERROR_NOT_AVAILABLE: Component returned failure code: 0x80040111 (NS_ERROR_NOT_AVAILABLE) [nsICertOverrideService.setDisableAllSecurityChecksAndLetAttackersInterceptMyData]
1670370039952	geckodriver	INFO	Listening on 127.0.0.1:52202
1670370043012	mozrunner::runner	INFO	Running command: "C:\\Program Files\\Mozilla Firefox\\firefox.exe" "--marionette" "--headless" "-no-remote" "-profile" "C:\\Users\\lxf12\\AppData\\Local\\Temp\\rust_mozprofile86E724"
*** You are running in headless mode.
1670370043239	Marionette	INFO	Marionette enabled
1670370043243	Marionette	INFO	Listening on port 52214
Read port: 52214
1670370043433	RemoteAgent	WARN	TLS certificate errors will be ignored for this session
[GFX1-]: RenderCompositorSWGL failed mapping default framebuffer, no dt
console.warn: SearchSettings: "get: No settings file exists, new profile?" (new NotFoundError("Could not open the file at C:\\Users\\lxf12\\AppData\\Local\\Temp\\rust_mozprofile86E724\\search.json.mozlz4", (void 0)))
1670370044432	Marionette	WARN	Ignoring event 'DOMContentLoaded' because document has an invalid readyState of 'complete'.
JavaScript warning: https://www.lowes.com/6fenIDSGSz2tXQrzA95_/rOE3zLrpa7/CQYoAg/PG13JTcp/LH4B, line 1: unreachable code after return statement
JavaScript warning: https://www.lowes.com/6fenIDSGSz2tXQrzA95_/rOE3zLrpa7/CQYoAg/PG13JTcp/LH4B, line 1: WEBGL_debug_renderer_info is deprecated in Firefox and will be removed. Please use RENDERER.
JavaScript warning: https://www.lowes.com/6fenIDSGSz2tXQrzA95_/rOE3zLrpa7/CQYoAg/PG13JTcp/LH4B, line 1: WEBGL_debug_renderer_info is deprecated in Firefox and will be removed. Please use RENDERER.
JavaScript warning: https://www.lowes.com/6fenIDSGSz2tXQrzA95_/rOE3zLrpa7/CQYoAg/PG13JTcp/LH4B, line 1: unreachable code after return statement
JavaScript warning: https://www.lowes.com/6fenIDSGSz2tXQrzA95_/rOE3zLrpa7/CQYoAg/PG13JTcp/LH4B, line 1: WEBGL_debug_renderer_info is deprecated in Firefox and will be removed. Please use RENDERER.
JavaScript warning: https://www.lowes.com/6fenIDSGSz2tXQrzA95_/rOE3zLrpa7/CQYoAg/PG13JTcp/LH4B, line 1: WEBGL_debug_renderer_info is deprecated in Firefox and will be removed. Please use RENDERER.
JavaScript warning: https://pagead2.googlesyndication.com/bg/81_xgzAtA3K6BUSvxlviYRqiKRYqPH3jXMkg3rbk2fc.js line 2 > eval line 2982 > eval line 1 > eval line 1 > eval, line 1: WEBGL_debug_renderer_info is deprecated in Firefox and will be removed. Please use RENDERER.
1670370184095	geckodriver	INFO	Listening on 127.0.0.1:53334
1670370187159	mozrunner::runner	INFO	Running command: "C:\\Program Files\\Mozilla Firefox\\firefox.exe" "--marionette" "--headless" "--window-size=1920,1200" "-no-remote" "-profile" "C:\\Users\\lxf12\\AppData\\Local\\Temp\\rust_mozprofileEnTuc4"
*** You are running in headless mode.
1670370187548	Marionette	INFO	Marionette enabled
1670370187552	Marionette	INFO	Listening on port 53346
Read port: 53346
1670370187837	RemoteAgent	WARN	TLS certificate errors will be ignored for this session
[GFX1-]: RenderCompositorSWGL failed mapping default framebuffer, no dt
console.warn: SearchSettings: "get: No settings file exists, new profile?" (new NotFoundError("Could not open the file at C:\\Users\\lxf12\\AppData\\Local\\Temp\\rust_mozprofileEnTuc4\\search.json.mozlz4", (void 0)))
1670370188956	Marionette	WARN	Ignoring event 'DOMContentLoaded' because document has an invalid readyState of 'complete'.
JavaScript warning: https://www.lowes.com/6fenIDSGSz2tXQrzA95_/rOE3zLrpa7/CQYoAg/PG13JTcp/LH4B, line 1: unreachable code after return statement
JavaScript warning: https://www.lowes.com/6fenIDSGSz2tXQrzA95_/rOE3zLrpa7/CQYoAg/PG13JTcp/LH4B, line 1: WEBGL_debug_renderer_info is deprecated in Firefox and will be removed. Please use RENDERER.
JavaScript warning: https://www.lowes.com/6fenIDSGSz2tXQrzA95_/rOE3zLrpa7/CQYoAg/PG13JTcp/LH4B, line 1: WEBGL_debug_renderer_info is deprecated in Firefox and will be removed. Please use RENDERER.
JavaScript warning: https://pagead2.googlesyndication.com/bg/81_xgzAtA3K6BUSvxlviYRqiKRYqPH3jXMkg3rbk2fc.js line 2 > eval line 5928 > eval line 1 > eval line 1 > eval, line 1: WEBGL_debug_renderer_info is deprecated in Firefox and will be removed. Please use RENDERER.
1670370212486	Marionette	INFO	Stopped listening on port 53346
[Parent 25104, IPC I/O Parent] WARNING: file /builds/worker/checkouts/gecko/ipc/chromium/src/base/process_util_win.cc:167
[Parent 25104, IPC I/O Parent] WARNING: file /builds/worker/checkouts/gecko/ipc/chromium/src/base/process_util_win.cc:167
[Parent 25104, IPC I/O Parent] WARNING: file /builds/worker/checkouts/gecko/ipc/chromium/src/base/process_util_win.cc:167
1670370221498	geckodriver	INFO	Listening on 127.0.0.1:53791
1670370224553	mozrunner::runner	INFO	Running command: "C:\\Program Files\\Mozilla Firefox\\firefox.exe" "--marionette" "--headless" "--window-size=1920,1200" "-no-remote" "-profile" "C:\\Users\\lxf12\\AppData\\Local\\Temp\\rust_mozprofileCWLqzo"
*** You are running in headless mode.
1670370224799	Marionette	INFO	Marionette enabled
1670370224803	Marionette	INFO	Listening on port 53833
Read port: 53833
1670370225004	RemoteAgent	WARN	TLS certificate errors will be ignored for this session
[GFX1-]: RenderCompositorSWGL failed mapping default framebuffer, no dt
console.warn: SearchSettings: "get: No settings file exists, new profile?" (new NotFoundError("Could not open the file at C:\\Users\\lxf12\\AppData\\Local\\Temp\\rust_mozprofileCWLqzo\\search.json.mozlz4", (void 0)))
1670370225965	Marionette	WARN	Ignoring event 'DOMContentLoaded' because document has an invalid readyState of 'complete'.
JavaScript warning: https://www.lowes.com/6fenIDSGSz2tXQrzA95_/rOE3zLrpa7/CQYoAg/PG13JTcp/LH4B, line 1: unreachable code after return statement
JavaScript warning: https://www.lowes.com/6fenIDSGSz2tXQrzA95_/rOE3zLrpa7/CQYoAg/PG13JTcp/LH4B, line 1: WEBGL_debug_renderer_info is deprecated in Firefox and will be removed. Please use RENDERER.
JavaScript warning: https://www.lowes.com/6fenIDSGSz2tXQrzA95_/rOE3zLrpa7/CQYoAg/PG13JTcp/LH4B, line 1: WEBGL_debug_renderer_info is deprecated in Firefox and will be removed. Please use RENDERER.
1670370260573	geckodriver	INFO	Listening on 127.0.0.1:53915
1670370263620	mozrunner::runner	INFO	Running command: "C:\\Program Files\\Mozilla Firefox\\firefox.exe" "--marionette" "--window-size=1920,1200" "-no-remote" "-profile" "C:\\Users\\lxf12\\AppData\\Local\\Temp\\rust_mozprofilebXMMEe"
1670370263890	Marionette	INFO	Marionette enabled
1670370263894	Marionette	INFO	Listening on port 53927
Read port: 53927
1670370264094	RemoteAgent	WARN	TLS certificate errors will be ignored for this session
console.warn: SearchSettings: "get: No settings file exists, new profile?" (new NotFoundError("Could not open the file at C:\\Users\\lxf12\\AppData\\Local\\Temp\\rust_mozprofilebXMMEe\\search.json.mozlz4", (void 0)))
1670370269175	Marionette	WARN	Ignoring event 'DOMContentLoaded' because document has an invalid readyState of 'complete'.
JavaScript warning: https://www.lowes.com/6fenIDSGSz2tXQrzA95_/rOE3zLrpa7/CQYoAg/PG13JTcp/LH4B, line 1: unreachable code after return statement
JavaScript warning: https://www.lowes.com/6fenIDSGSz2tXQrzA95_/rOE3zLrpa7/CQYoAg/PG13JTcp/LH4B, line 1: WEBGL_debug_renderer_info is deprecated in Firefox and will be removed. Please use RENDERER.
JavaScript warning: https://www.lowes.com/6fenIDSGSz2tXQrzA95_/rOE3zLrpa7/CQYoAg/PG13JTcp/LH4B, line 1: WEBGL_debug_renderer_info is deprecated in Firefox and will be removed. Please use RENDERER.
JavaScript warning: https://pagead2.googlesyndication.com/bg/81_xgzAtA3K6BUSvxlviYRqiKRYqPH3jXMkg3rbk2fc.js line 2 > eval line 6748 > eval line 1 > eval line 1 > eval, line 1: WEBGL_debug_renderer_info is deprecated in Firefox and will be removed. Please use RENDERER.
1670370291951	Marionette	INFO	Stopped listening on port 53927
JavaScript error: chrome://remote/content/marionette/cert.sys.mjs, line 51: NS_ERROR_NOT_AVAILABLE: Component returned failure code: 0x80040111 (NS_ERROR_NOT_AVAILABLE) [nsICertOverrideService.setDisableAllSecurityChecksAndLetAttackersInterceptMyData]
1670370299204	geckodriver	INFO	Listening on 127.0.0.1:54100
1670370302272	mozrunner::runner	INFO	Running command: "C:\\Program Files\\Mozilla Firefox\\firefox.exe" "--marionette" "--window-size=1920,1200" "-no-remote" "-profile" "C:\\Users\\lxf12\\AppData\\Local\\Temp\\rust_mozprofilesAROBI"
1670370302553	Marionette	INFO	Marionette enabled
1670370302556	Marionette	INFO	Listening on port 54113
Read port: 54113
1670370302695	RemoteAgent	WARN	TLS certificate errors will be ignored for this session
console.warn: SearchSettings: "get: No settings file exists, new profile?" (new NotFoundError("Could not open the file at C:\\Users\\lxf12\\AppData\\Local\\Temp\\rust_mozprofilesAROBI\\search.json.mozlz4", (void 0)))
1670370306020	Marionette	WARN	Ignoring event 'DOMContentLoaded' because document has an invalid readyState of 'complete'.
JavaScript warning: https://www.lowes.com/6fenIDSGSz2tXQrzA95_/rOE3zLrpa7/CQYoAg/PG13JTcp/LH4B, line 1: unreachable code after return statement
JavaScript warning: https://www.lowes.com/6fenIDSGSz2tXQrzA95_/rOE3zLrpa7/CQYoAg/PG13JTcp/LH4B, line 1: WEBGL_debug_renderer_info is deprecated in Firefox and will be removed. Please use RENDERER.
JavaScript warning: https://www.lowes.com/6fenIDSGSz2tXQrzA95_/rOE3zLrpa7/CQYoAg/PG13JTcp/LH4B, line 1: WEBGL_debug_renderer_info is deprecated in Firefox and will be removed. Please use RENDERER.
JavaScript warning: https://pagead2.googlesyndication.com/bg/81_xgzAtA3K6BUSvxlviYRqiKRYqPH3jXMkg3rbk2fc.js line 2 > eval line 3610 > eval line 1 > eval line 1 > eval, line 1: WEBGL_debug_renderer_info is deprecated in Firefox and will be removed. Please use RENDERER.
1670370378471	Marionette	WARN	TimedPromise timed out after 500 ms: stacktrace:
TimedPromise/<@chrome://remote/content/marionette/sync.sys.mjs:220:24
TimedPromise@chrome://remote/content/marionette/sync.sys.mjs:205:10
interaction.flushEventLoop@chrome://remote/content/marionette/interaction.sys.mjs:425:10
webdriverClickElement@chrome://remote/content/marionette/interaction.sys.mjs:173:31
1670370467573	Marionette	WARN	TimedPromise timed out after 500 ms: stacktrace:
TimedPromise/<@chrome://remote/content/marionette/sync.sys.mjs:220:24
TimedPromise@chrome://remote/content/marionette/sync.sys.mjs:205:10
interaction.flushEventLoop@chrome://remote/content/marionette/interaction.sys.mjs:425:10
webdriverClickElement@chrome://remote/content/marionette/interaction.sys.mjs:173:31
JavaScript error: https://www.lowescdn.com/node/pdp/gcp/helix/2.1004.191/2309.468b1df4.chunk.js, line 1: TypeError: e.data is undefined
1670370616152	Marionette	WARN	TimedPromise timed out after 500 ms: stacktrace:
TimedPromise/<@chrome://remote/content/marionette/sync.sys.mjs:220:24
TimedPromise@chrome://remote/content/marionette/sync.sys.mjs:205:10
interaction.flushEventLoop@chrome://remote/content/marionette/interaction.sys.mjs:425:10
webdriverClickElement@chrome://remote/content/marionette/interaction.sys.mjs:173:31
1670370702865	Marionette	INFO	Stopped listening on port 54113
[Parent 17592, IPC I/O Parent] WARNING: file /builds/worker/checkouts/gecko/ipc/chromium/src/base/process_util_win.cc:167
JavaScript error: , line 0: TypeError: NetworkError when attempting to fetch resource.
1670370759366	geckodriver	INFO	Listening on 127.0.0.1:55445
1670370762416	mozrunner::runner	INFO	Running command: "C:\\Program Files\\Mozilla Firefox\\firefox.exe" "--marionette" "--window-size=1920,1200" "-no-remote" "-profile" "C:\\Users\\lxf12\\AppData\\Local\\Temp\\rust_mozprofilePjGn4r"
1670370762709	Marionette	INFO	Marionette enabled
1670370762713	Marionette	INFO	Listening on port 55457
Read port: 55457
1670370762922	RemoteAgent	WARN	TLS certificate errors will be ignored for this session
console.warn: SearchSettings: "get: No settings file exists, new profile?" (new NotFoundError("Could not open the file at C:\\Users\\lxf12\\AppData\\Local\\Temp\\rust_mozprofilePjGn4r\\search.json.mozlz4", (void 0)))
1670371191085	Marionette	WARN	Ignoring event 'DOMContentLoaded' because document has an invalid readyState of 'complete'.
JavaScript warning: https://www.lowes.com/XhkxZwkW/Mt9WL5-/wP3Kjrr/OT/Ohki4ztGm5uX/PVQiZgE/NF/oLWHkJUQ0B, line 1: unreachable code after return statement
JavaScript warning: https://www.lowes.com/XhkxZwkW/Mt9WL5-/wP3Kjrr/OT/Ohki4ztGm5uX/PVQiZgE/NF/oLWHkJUQ0B, line 1: WEBGL_debug_renderer_info is deprecated in Firefox and will be removed. Please use RENDERER.
JavaScript warning: https://www.lowes.com/XhkxZwkW/Mt9WL5-/wP3Kjrr/OT/Ohki4ztGm5uX/PVQiZgE/NF/oLWHkJUQ0B, line 1: WEBGL_debug_renderer_info is deprecated in Firefox and will be removed. Please use RENDERER.
JavaScript warning: https://pagead2.googlesyndication.com/bg/81_xgzAtA3K6BUSvxlviYRqiKRYqPH3jXMkg3rbk2fc.js line 2 > eval line 2947 > eval line 1 > eval line 1 > eval, line 1: WEBGL_debug_renderer_info is deprecated in Firefox and will be removed. Please use RENDERER.
1670371225857	Marionette	WARN	TimedPromise timed out after 500 ms: stacktrace:
TimedPromise/<@chrome://remote/content/marionette/sync.sys.mjs:220:24
TimedPromise@chrome://remote/content/marionette/sync.sys.mjs:205:10
interaction.flushEventLoop@chrome://remote/content/marionette/interaction.sys.mjs:425:10
webdriverClickElement@chrome://remote/content/marionette/interaction.sys.mjs:173:31
JavaScript error: https://www.lowescdn.com/node/pdp/gcp/helix/2.1004.191/2309.468b1df4.chunk.js, line 1: TypeError: e.data is undefined
1670371250575	Marionette	WARN	TimedPromise timed out after 500 ms: stacktrace:
TimedPromise/<@chrome://remote/content/marionette/sync.sys.mjs:220:24
TimedPromise@chrome://remote/content/marionette/sync.sys.mjs:205:10
interaction.flushEventLoop@chrome://remote/content/marionette/interaction.sys.mjs:425:10
webdriverClickElement@chrome://remote/content/marionette/interaction.sys.mjs:173:31
1670371267977	Marionette	INFO	Stopped listening on port 55457
[Parent 31640, IPC I/O Parent] WARNING: file /builds/worker/checkouts/gecko/ipc/chromium/src/base/process_util_win.cc:167
[Parent 31640, IPC I/O Parent] WARNING: file /builds/worker/checkouts/gecko/ipc/chromium/src/base/process_util_win.cc:167
[Parent 31640, IPC I/O Parent] WARNING: file /builds/worker/checkouts/gecko/ipc/chromium/src/base/process_util_win.cc:167
[Parent 31640, IPC I/O Parent] WARNING: file /builds/worker/checkouts/gecko/ipc/chromium/src/base/process_util_win.cc:167
1670534295338	geckodriver	INFO	Listening on 127.0.0.1:65217
1670534298392	mozrunner::runner	INFO	Running command: "C:\\Program Files\\Mozilla Firefox\\firefox.exe" "--marionette" "--window-size=1920,1200" "-no-remote" "-profile" "C:\\Users\\lxf12\\AppData\\Local\\Temp\\rust_mozprofileYYp2Fo"
1670534298974	Marionette	INFO	Marionette enabled
1670534298980	Marionette	INFO	Listening on port 65230
Read port: 65230
1670534299281	RemoteAgent	WARN	TLS certificate errors will be ignored for this session
console.warn: SearchSettings: "get: No settings file exists, new profile?" (new NotFoundError("Could not open the file at C:\\Users\\lxf12\\AppData\\Local\\Temp\\rust_mozprofileYYp2Fo\\search.json.mozlz4", (void 0)))
1670534313403	Marionette	WARN	Ignoring event 'DOMContentLoaded' because document has an invalid readyState of 'complete'.
JavaScript warning: https://www.lowes.com/eNauX_/0/n/ATGgQQUykw/ak9pDNpr/HXYyb00D/FEg/rMzo-Hz0B, line 1: unreachable code after return statement
JavaScript warning: https://www.lowes.com/eNauX_/0/n/ATGgQQUykw/ak9pDNpr/HXYyb00D/FEg/rMzo-Hz0B, line 1: WEBGL_debug_renderer_info is deprecated in Firefox and will be removed. Please use RENDERER.
JavaScript warning: https://www.lowes.com/eNauX_/0/n/ATGgQQUykw/ak9pDNpr/HXYyb00D/FEg/rMzo-Hz0B, line 1: WEBGL_debug_renderer_info is deprecated in Firefox and will be removed. Please use RENDERER.
JavaScript warning: https://pagead2.googlesyndication.com/bg/81_xgzAtA3K6BUSvxlviYRqiKRYqPH3jXMkg3rbk2fc.js line 2 > eval line 1583 > eval line 1 > eval line 1 > eval, line 1: WEBGL_debug_renderer_info is deprecated in Firefox and will be removed. Please use RENDERER.
1670534343303	Marionette	WARN	TimedPromise timed out after 500 ms: stacktrace:
TimedPromise/<@chrome://remote/content/marionette/sync.sys.mjs:220:24
TimedPromise@chrome://remote/content/marionette/sync.sys.mjs:205:10
interaction.flushEventLoop@chrome://remote/content/marionette/interaction.sys.mjs:425:10
webdriverClickElement@chrome://remote/content/marionette/interaction.sys.mjs:173:31
JavaScript error: https://www.lowescdn.com/node/pdp/gcp/helix/2.1004.204/2309.b5cd8201.chunk.js, line 1: TypeError: e.data is undefined
JavaScript error: , line 0: NotFoundError: No such JSWindowActor 'DevToolsFrame'
JavaScript error: , line 0: NotFoundError: No such JSWindowActor 'DevToolsFrame'
JavaScript error: , line 0: NotFoundError: No such JSWindowActor 'DevToolsFrame'
JavaScript error: , line 0: NotFoundError: No such JSWindowActor 'DevToolsFrame'
JavaScript error: , line 0: NotFoundError: No such JSWindowActor 'DevToolsFrame'
JavaScript error: , line 0: NotFoundError: No such JSWindowActor 'DevToolsFrame'
JavaScript error: , line 0: NotFoundError: No such JSWindowActor 'DevToolsFrame'
JavaScript error: , line 0: NotFoundError: No such JSWindowActor 'DevToolsFrame'
JavaScript error: , line 0: NotFoundError: No such JSWindowActor 'DevToolsFrame'
JavaScript error: , line 0: NotFoundError: No such JSWindowActor 'DevToolsFrame'
JavaScript error: , line 0: NotFoundError: No such JSWindowActor 'DevToolsFrame'
JavaScript error: , line 0: NotFoundError: No such JSWindowActor 'DevToolsFrame'
JavaScript error: , line 0: NotFoundError: No such JSWindowActor 'DevToolsFrame'
JavaScript error: , line 0: NotFoundError: No such JSWindowActor 'DevToolsFrame'
JavaScript error: , line 0: NotFoundError: No such JSWindowActor 'DevToolsFrame'
JavaScript error: , line 0: NotFoundError: No such JSWindowActor 'DevToolsFrame'
JavaScript error: , line 0: NotFoundError: No such JSWindowActor 'DevToolsFrame'
1670535042532	Marionette	INFO	Stopped listening on port 65230
JavaScript error: , line 0: TypeError: NetworkError when attempting to fetch resource.
JavaScript error: chrome://remote/content/marionette/cert.sys.mjs, line 51: NS_ERROR_NOT_AVAILABLE: Component returned failure code: 0x80040111 (NS_ERROR_NOT_AVAILABLE) [nsICertOverrideService.setDisableAllSecurityChecksAndLetAttackersInterceptMyData]
